c:\users\katya\desktop\study\технологии и методы программирования\lr1\programmingmethods_proc\programmingmethods_lr1_proc\debug\vc142.pdb
c:\users\katya\desktop\study\технологии и методы программирования\lr1\programmingmethods_proc\programmingmethods_lr1_proc\debug\vc142.idb
c:\users\katya\desktop\study\технологии и методы программирования\lr1\programmingmethods_proc\programmingmethods_lr1_proc\debug\sort.obj
c:\users\katya\desktop\study\технологии и методы программирования\lr1\programmingmethods_proc\programmingmethods_lr1_proc\debug\riddle.obj
c:\users\katya\desktop\study\технологии и методы программирования\lr1\programmingmethods_proc\programmingmethods_lr1_proc\debug\punctuation_marks.obj
c:\users\katya\desktop\study\технологии и методы программирования\lr1\programmingmethods_proc\programmingmethods_lr1_proc\debug\proverb.obj
c:\users\katya\desktop\study\технологии и методы программирования\lr1\programmingmethods_proc\programmingmethods_lr1_proc\debug\phrase.obj
c:\users\katya\desktop\study\технологии и методы программирования\lr1\programmingmethods_proc\programmingmethods_lr1_proc\debug\node.obj
c:\users\katya\desktop\study\технологии и методы программирования\lr1\programmingmethods_proc\programmingmethods_lr1_proc\debug\main.obj
c:\users\katya\desktop\study\технологии и методы программирования\lr1\programmingmethods_proc\programmingmethods_lr1_proc\debug\container.obj
c:\users\katya\desktop\study\технологии и методы программирования\lr1\programmingmethods_proc\programmingmethods_lr1_proc\debug\aphorism.obj
c:\users\katya\desktop\study\технологии и методы программирования\lr1\programmingmethods_proc\debug\programmingmethods_lr1_proc.ilk
c:\users\katya\desktop\study\технологии и методы программирования\lr1\programmingmethods_proc\debug\programmingmethods_lr1_proc.exe
c:\users\katya\desktop\study\технологии и методы программирования\lr1\programmingmethods_proc\debug\programmingmethods_lr1_proc.pdb
c:\users\katya\desktop\study\технологии и методы программирования\lr1\programmingmethods_proc\programmingmethods_lr1_proc\debug\container_outaphorism.obj
c:\users\katya\desktop\study\технологии и методы программирования\lr1\programmingmethods_proc\programmingmethods_lr1_proc\debug\programm.939c9850.tlog\cl.command.1.tlog
c:\users\katya\desktop\study\технологии и методы программирования\lr1\programmingmethods_proc\programmingmethods_lr1_proc\debug\programm.939c9850.tlog\cl.read.1.tlog
c:\users\katya\desktop\study\технологии и методы программирования\lr1\programmingmethods_proc\programmingmethods_lr1_proc\debug\programm.939c9850.tlog\cl.write.1.tlog
c:\users\katya\desktop\study\технологии и методы программирования\lr1\programmingmethods_proc\programmingmethods_lr1_proc\debug\programm.939c9850.tlog\link.command.1.tlog
c:\users\katya\desktop\study\технологии и методы программирования\lr1\programmingmethods_proc\programmingmethods_lr1_proc\debug\programm.939c9850.tlog\link.read.1.tlog
c:\users\katya\desktop\study\технологии и методы программирования\lr1\programmingmethods_proc\programmingmethods_lr1_proc\debug\programm.939c9850.tlog\link.write.1.tlog
